b:\peworkspace\build-intermediate\x32\debug\luasocket_dist-win32d3d9\auxiliar.obj
b:\peworkspace\build-intermediate\x32\debug\luasocket_dist-win32d3d9\io.obj
b:\peworkspace\build-intermediate\x32\debug\luasocket_dist-win32d3d9\luasocket.obj
b:\peworkspace\build-intermediate\x32\debug\luasocket_dist-win32d3d9\udp.obj
b:\peworkspace\build-intermediate\x32\debug\luasocket_dist-win32d3d9\tcp.obj
b:\peworkspace\build-intermediate\x32\debug\luasocket_dist-win32d3d9\except.obj
b:\peworkspace\build-intermediate\x32\debug\luasocket_dist-win32d3d9\inet.obj
b:\peworkspace\build-intermediate\x32\debug\luasocket_dist-win32d3d9\options.obj
b:\peworkspace\build-intermediate\x32\debug\luasocket_dist-win32d3d9\mime.obj
b:\peworkspace\build-intermediate\x32\debug\luasocket_dist-win32d3d9\timeout.obj
b:\peworkspace\build-intermediate\x32\debug\luasocket_dist-win32d3d9\buffer.obj
b:\peworkspace\build-intermediate\x32\debug\luasocket_dist-win32d3d9\wsocket.obj
b:\peworkspace\build-intermediate\x32\debug\luasocket_dist-win32d3d9\select.obj
b:\peworkspace\build\luasocket_dist-win32d3d9.pdb
b:\peworkspace\build\luasocket_dist-win32d3d9.lib
b:\peworkspace\build-intermediate\x32\debug\luasocket_dist-win32d3d9\luasocke.97c1fded.tlog\cl.30888.write.1.tlog
b:\peworkspace\build-intermediate\x32\debug\luasocket_dist-win32d3d9\luasocke.97c1fded.tlog\cl.command.1.tlog
b:\peworkspace\build-intermediate\x32\debug\luasocket_dist-win32d3d9\luasocke.97c1fded.tlog\cl.items.tlog
b:\peworkspace\build-intermediate\x32\debug\luasocket_dist-win32d3d9\luasocke.97c1fded.tlog\cl.read.1.tlog
b:\peworkspace\build-intermediate\x32\debug\luasocket_dist-win32d3d9\luasocke.97c1fded.tlog\lib-link.read.1.tlog
b:\peworkspace\build-intermediate\x32\debug\luasocket_dist-win32d3d9\luasocke.97c1fded.tlog\lib-link.write.1.tlog
b:\peworkspace\build-intermediate\x32\debug\luasocket_dist-win32d3d9\luasocke.97c1fded.tlog\lib.command.1.tlog
