b:\peworkspace\build\primeengine-win32d3d9.pdb
b:\peworkspace\build\primeengine-win32d3d9.idb
b:\peworkspace\build-intermediate\x32\debug\primeengine-win32d3d9\nums_spe.obj
b:\peworkspace\build-intermediate\x32\debug\primeengine-win32d3d9\physicsmanager.obj
b:\peworkspace\build-intermediate\x32\debug\primeengine-win32d3d9\animsetbuffergpu.obj
b:\peworkspace\build-intermediate\x32\debug\primeengine-win32d3d9\component.obj
b:\peworkspace\build-intermediate\x32\debug\primeengine-win32d3d9\gamethreadjob.obj
b:\peworkspace\build-intermediate\x32\debug\primeengine-win32d3d9\tangentbufercpu.obj
b:\peworkspace\build-intermediate\x32\debug\primeengine-win32d3d9\servernetworkmanager.obj
b:\peworkspace\build-intermediate\x32\debug\primeengine-win32d3d9\defaultanimationsm.obj
b:\peworkspace\build-intermediate\x32\debug\primeengine-win32d3d9\dir.obj
b:\peworkspace\build-intermediate\x32\debug\primeengine-win32d3d9\dx9_xinput.obj
b:\peworkspace\build-intermediate\x32\debug\primeengine-win32d3d9\pedepthstencilstate.obj
b:\peworkspace\build-intermediate\x32\debug\primeengine-win32d3d9\texture_drawableintodepthtexture.obj
b:\peworkspace\build-intermediate\x32\debug\primeengine-win32d3d9\servergame.obj
b:\peworkspace\build-intermediate\x32\debug\primeengine-win32d3d9\positionbuffercpumanager.obj
b:\peworkspace\build-intermediate\x32\debug\primeengine-win32d3d9\memorypool.obj
b:\peworkspace\build-intermediate\x32\debug\primeengine-win32d3d9\d3d9renderer.obj
b:\peworkspace\build-intermediate\x32\debug\primeengine-win32d3d9\cameramanager.obj
b:\peworkspace\build-intermediate\x32\debug\primeengine-win32d3d9\rootscenenode.obj
b:\peworkspace\build-intermediate\x32\debug\primeengine-win32d3d9\effect.obj
b:\peworkspace\build-intermediate\x32\debug\primeengine-win32d3d9\resourcebuffergpu.obj
b:\peworkspace\build-intermediate\x32\debug\primeengine-win32d3d9\gputexturemanager.obj
b:\peworkspace\build-intermediate\x32\debug\primeengine-win32d3d9\event.obj
b:\peworkspace\build-intermediate\x32\debug\primeengine-win32d3d9\indexbuffercpu.obj
b:\peworkspace\build-intermediate\x32\debug\primeengine-win32d3d9\rainparticlesystemcpu.obj
b:\peworkspace\build-intermediate\x32\debug\primeengine-win32d3d9\memorymanager.obj
b:\peworkspace\build-intermediate\x32\debug\primeengine-win32d3d9\irenderer.obj
b:\peworkspace\build-intermediate\x32\debug\primeengine-win32d3d9\renderjob.obj
b:\peworkspace\build-intermediate\x32\debug\primeengine-win32d3d9\soundmanager.obj
b:\peworkspace\build-intermediate\x32\debug\primeengine-win32d3d9\d3d11_indexbuffergpu.obj
b:\peworkspace\build-intermediate\x32\debug\primeengine-win32d3d9\effect_gl.obj
b:\peworkspace\build-intermediate\x32\debug\primeengine-win32d3d9\vertexbuffergpumanager.obj
b:\peworkspace\build-intermediate\x32\debug\primeengine-win32d3d9\standardevents.obj
b:\peworkspace\build-intermediate\x32\debug\primeengine-win32d3d9\normalbuffercpu.obj
b:\peworkspace\build-intermediate\x32\debug\primeengine-win32d3d9\skeletoncpu.obj
b:\peworkspace\build-intermediate\x32\debug\primeengine-win32d3d9\serverconnectionmanager.obj
b:\peworkspace\build-intermediate\x32\debug\primeengine-win32d3d9\setperframeconstantsshaderaction.obj
b:\peworkspace\build-intermediate\x32\debug\primeengine-win32d3d9\meshinstance.obj
b:\peworkspace\build-intermediate\x32\debug\primeengine-win32d3d9\pestring.obj
b:\peworkspace\build-intermediate\x32\debug\primeengine-win32d3d9\effectmanagereffects.obj
b:\peworkspace\build-intermediate\x32\debug\primeengine-win32d3d9\vertexbuffergpu.obj
b:\peworkspace\build-intermediate\x32\debug\primeengine-win32d3d9\eventqueuemanager.obj
b:\peworkspace\build-intermediate\x32\debug\primeengine-win32d3d9\materialcpu.obj
b:\peworkspace\build-intermediate\x32\debug\primeengine-win32d3d9\positionbuffercpu.obj
b:\peworkspace\build-intermediate\x32\debug\primeengine-win32d3d9\luaenvironment.obj
b:\peworkspace\build-intermediate\x32\debug\primeengine-win32d3d9\setperobjectconstantsshaderaction.obj
b:\peworkspace\build-intermediate\x32\debug\primeengine-win32d3d9\skyvolumemesh.obj
b:\peworkspace\build-intermediate\x32\debug\primeengine-win32d3d9\frustum.obj
b:\peworkspace\build-intermediate\x32\debug\primeengine-win32d3d9\externalpertechniquedata.obj
b:\peworkspace\build-intermediate\x32\debug\primeengine-win32d3d9\texture_dds_loader_d3d.obj
b:\peworkspace\build-intermediate\x32\debug\primeengine-win32d3d9\gameobjectmanager.obj
b:\peworkspace\build-intermediate\x32\debug\primeengine-win32d3d9\animationsetcpu.obj
b:\peworkspace\build-intermediate\x32\debug\primeengine-win32d3d9\serverluaenvironment.obj
b:\peworkspace\build-intermediate\x32\debug\primeengine-win32d3d9\sa_bind_resource.obj
b:\peworkspace\build-intermediate\x32\debug\primeengine-win32d3d9\debugrenderer.obj
b:\peworkspace\build-intermediate\x32\debug\primeengine-win32d3d9\textscenenode.obj
b:\peworkspace\build-intermediate\x32\debug\primeengine-win32d3d9\effectmanager.obj
b:\peworkspace\build-intermediate\x32\debug\primeengine-win32d3d9\ogl_indexbuffergpu.obj
b:\peworkspace\build-intermediate\x32\debug\primeengine-win32d3d9\texture.obj
b:\peworkspace\build-intermediate\x32\debug\primeengine-win32d3d9\standardcontrollerevents.obj
b:\peworkspace\build-intermediate\x32\debug\primeengine-win32d3d9\materialsetcpu.obj
b:\peworkspace\build-intermediate\x32\debug\primeengine-win32d3d9\animationcpu.obj
b:\peworkspace\build-intermediate\x32\debug\primeengine-win32d3d9\cameraops.obj
b:\peworkspace\build-intermediate\x32\debug\primeengine-win32d3d9\miscshaderactions.obj
b:\peworkspace\build-intermediate\x32\debug\primeengine-win32d3d9\camerascenenode.obj
b:\peworkspace\build-intermediate\x32\debug\primeengine-win32d3d9\skeleton.obj
b:\peworkspace\build-intermediate\x32\debug\primeengine-win32d3d9\physics.obj
b:\peworkspace\build-intermediate\x32\debug\primeengine-win32d3d9\perasterizerstate.obj
b:\peworkspace\build-intermediate\x32\debug\primeengine-win32d3d9\winapplication.obj
b:\peworkspace\build-intermediate\x32\debug\primeengine-win32d3d9\defaultgamecontrols.obj
b:\peworkspace\build-intermediate\x32\debug\primeengine-win32d3d9\fireparticlesystemcpu.obj
b:\peworkspace\build-intermediate\x32\debug\primeengine-win32d3d9\clientluaenvironment.obj
b:\peworkspace\build-intermediate\x32\debug\primeengine-win32d3d9\networkmanager.obj
b:\peworkspace\build-intermediate\x32\debug\primeengine-win32d3d9\setinstancecontrolconstantsshaderaction.obj
b:\peworkspace\build-intermediate\x32\debug\primeengine-win32d3d9\linemesh.obj
b:\peworkspace\build-intermediate\x32\debug\primeengine-win32d3d9\particlemesh.obj
b:\peworkspace\build-intermediate\x32\debug\primeengine-win32d3d9\vertexbuffergpuinputgeodescs.obj
b:\peworkspace\build-intermediate\x32\debug\primeengine-win32d3d9\eventqueue.obj
b:\peworkspace\build-intermediate\x32\debug\primeengine-win32d3d9\colorbuffercpu.obj
b:\peworkspace\build-intermediate\x32\debug\primeengine-win32d3d9\particlebuffercpu.obj
b:\peworkspace\build-intermediate\x32\debug\primeengine-win32d3d9\eventdatacreators.obj
b:\peworkspace\build-intermediate\x32\debug\primeengine-win32d3d9\sa_setandbind_constresource_instancedobjectsanimationpalettes.obj
b:\peworkspace\build-intermediate\x32\debug\primeengine-win32d3d9\sh_draw.obj
b:\peworkspace\build-intermediate\x32\debug\primeengine-win32d3d9\d3d11_resourcebuffergpu.obj
b:\peworkspace\build-intermediate\x32\debug\primeengine-win32d3d9\effect_d3d9.obj
b:\peworkspace\build-intermediate\x32\debug\primeengine-win32d3d9\ogl_vertexbuffergpu.obj
b:\peworkspace\build-intermediate\x32\debug\primeengine-win32d3d9\samplerstate.obj
b:\peworkspace\build-intermediate\x32\debug\primeengine-win32d3d9\wintimer.obj
b:\peworkspace\build-intermediate\x32\debug\primeengine-win32d3d9\filereader.obj
b:\peworkspace\build-intermediate\x32\debug\primeengine-win32d3d9\bladefireparticlesystemcpu.obj
b:\peworkspace\build-intermediate\x32\debug\primeengine-win32d3d9\texcoordbuffercpumanager.obj
b:\peworkspace\build-intermediate\x32\debug\primeengine-win32d3d9\profiling.obj
b:\peworkspace\build-intermediate\x32\debug\primeengine-win32d3d9\drawlist.obj
b:\peworkspace\build-intermediate\x32\debug\primeengine-win32d3d9\errorhandling.obj
b:\peworkspace\build-intermediate\x32\debug\primeengine-win32d3d9\dx9_keyboardmouse.obj
b:\peworkspace\build-intermediate\x32\debug\primeengine-win32d3d9\pealphablendstate.obj
b:\peworkspace\build-intermediate\x32\debug\primeengine-win32d3d9\timer.obj
b:\peworkspace\build-intermediate\x32\debug\primeengine-win32d3d9\standardkeyboardevents.obj
b:\peworkspace\build-intermediate\x32\debug\primeengine-win32d3d9\pointlistcpu.obj
b:\peworkspace\build-intermediate\x32\debug\primeengine-win32d3d9\skinweightscpu.obj
b:\peworkspace\build-intermediate\x32\debug\primeengine-win32d3d9\eventmanager.obj
b:\peworkspace\build-intermediate\x32\debug\primeengine-win32d3d9\shaderaction.obj
b:\peworkspace\build-intermediate\x32\debug\primeengine-win32d3d9\instancingscenenode.obj
b:\peworkspace\build-intermediate\x32\debug\primeengine-win32d3d9\networkable.obj
b:\peworkspace\build-intermediate\x32\debug\primeengine-win32d3d9\particlesystem.obj
b:\peworkspace\build-intermediate\x32\debug\primeengine-win32d3d9\gpumaterial.obj
b:\peworkspace\build-intermediate\x32\debug\primeengine-win32d3d9\standardgameevents.obj
b:\peworkspace\build-intermediate\x32\debug\primeengine-win32d3d9\meshcpu.obj
b:\peworkspace\build-intermediate\x32\debug\primeengine-win32d3d9\animationsetgpumanager.obj
b:\peworkspace\build-intermediate\x32\debug\primeengine-win32d3d9\clientnetworkmanager.obj
b:\peworkspace\build-intermediate\x32\debug\primeengine-win32d3d9\setpermaterialconstantsshaderaction.obj
b:\peworkspace\build-intermediate\x32\debug\primeengine-win32d3d9\mesh.obj
b:\peworkspace\build-intermediate\x32\debug\primeengine-win32d3d9\d3d11_vertexbuffergpu.obj
b:\peworkspace\build-intermediate\x32\debug\primeengine-win32d3d9\effect_lua.obj
b:\peworkspace\build-intermediate\x32\debug\primeengine-win32d3d9\input.obj
b:\peworkspace\build-intermediate\x32\debug\primeengine-win32d3d9\texture_drawableintocolortexturewithdepth.obj
b:\peworkspace\build-intermediate\x32\debug\primeengine-win32d3d9\globalregistry.obj
b:\peworkspace\build-intermediate\x32\debug\primeengine-win32d3d9\smokeparticlesystemcpu.obj
b:\peworkspace\build-intermediate\x32\debug\primeengine-win32d3d9\clientconnectionmanager.obj
b:\peworkspace\build-intermediate\x32\debug\primeengine-win32d3d9\sa_setandbind_constresource_perinstancedata.obj
b:\peworkspace\build-intermediate\x32\debug\primeengine-win32d3d9\scenenode.obj
b:\peworkspace\build-intermediate\x32\debug\primeengine-win32d3d9\effect_d3d11.obj
b:\peworkspace\build-intermediate\x32\debug\primeengine-win32d3d9\indexbuffergpu.obj
b:\peworkspace\build-intermediate\x32\debug\primeengine-win32d3d9\texture_drawableintocolortexturearray.obj
b:\peworkspace\build-intermediate\x32\debug\primeengine-win32d3d9\gamecontext.obj
b:\peworkspace\build-intermediate\x32\debug\primeengine-win32d3d9\camera.obj
b:\peworkspace\build-intermediate\x32\debug\primeengine-win32d3d9\normalbuffercpumanager.obj
b:\peworkspace\build-intermediate\x32\debug\primeengine-win32d3d9\texcoordbuffercpu.obj
b:\peworkspace\build-intermediate\x32\debug\primeengine-win32d3d9\streammanager.obj
b:\peworkspace\build-intermediate\x32\debug\primeengine-win32d3d9\setperobjectgroupconstantsshaderaction.obj
b:\peworkspace\build-intermediate\x32\debug\primeengine-win32d3d9\meshmanager.obj
b:\peworkspace\build-intermediate\x32\debug\primeengine-win32d3d9\d3d9_vertexbuffergpu.obj
b:\peworkspace\build-intermediate\x32\debug\primeengine-win32d3d9\bufferinfo.obj
b:\peworkspace\build-intermediate\x32\debug\primeengine-win32d3d9\texture_drawableintocolortexture.obj
b:\peworkspace\build-intermediate\x32\debug\primeengine-win32d3d9\filewriter.obj
b:\peworkspace\build-intermediate\x32\debug\primeengine-win32d3d9\explosionparticlesystemcpu.obj
b:\peworkspace\build-intermediate\x32\debug\primeengine-win32d3d9\log.obj
b:\peworkspace\build-intermediate\x32\debug\primeengine-win32d3d9\connectionmanager.obj
b:\peworkspace\build-intermediate\x32\debug\primeengine-win32d3d9\sa_setandbind_constresource_singleobjectanimationpalette.obj
b:\peworkspace\build-intermediate\x32\debug\primeengine-win32d3d9\skeletoninstance.obj
b:\peworkspace\build-intermediate\x32\debug\primeengine-win32d3d9\d3d9_indexbuffergpu.obj
b:\peworkspace\build-intermediate\x32\debug\primeengine-win32d3d9\glslattributes.obj
b:\peworkspace\build-intermediate\x32\debug\primeengine-win32d3d9\texture_dds_loader_common.obj
b:\peworkspace\build-intermediate\x32\debug\primeengine-win32d3d9\clientgame.obj
b:\peworkspace\build-intermediate\x32\debug\primeengine-win32d3d9\particlesystemcpu.obj
b:\peworkspace\build-intermediate\x32\debug\primeengine-win32d3d9\mainfunctionargs.obj
b:\peworkspace\build-intermediate\x32\debug\primeengine-win32d3d9\sa_copyinto_sysmem_frominstancedobjectsanimationcsreduceresult.obj
b:\peworkspace\build-intermediate\x32\debug\primeengine-win32d3d9\light.obj
b:\peworkspace\build-intermediate\x32\debug\primeengine-win32d3d9\textmesh.obj
b:\peworkspace\build\primeengine-win32d3d9.lib
b:\peworkspace\build-intermediate\x32\debug\primeengine-win32d3d9\primeeng.0c66e244.tlog\cl.command.1.tlog
b:\peworkspace\build-intermediate\x32\debug\primeengine-win32d3d9\primeeng.0c66e244.tlog\cl.items.tlog
b:\peworkspace\build-intermediate\x32\debug\primeengine-win32d3d9\primeeng.0c66e244.tlog\cl.read.1.tlog
b:\peworkspace\build-intermediate\x32\debug\primeengine-win32d3d9\primeeng.0c66e244.tlog\cl.write.1.tlog
b:\peworkspace\build-intermediate\x32\debug\primeengine-win32d3d9\primeeng.0c66e244.tlog\lib-link.read.1.tlog
b:\peworkspace\build-intermediate\x32\debug\primeengine-win32d3d9\primeeng.0c66e244.tlog\lib-link.write.1.tlog
b:\peworkspace\build-intermediate\x32\debug\primeengine-win32d3d9\primeeng.0c66e244.tlog\lib.command.1.tlog
