b:\peworkspace\build-intermediate\x32\debug\charactercontrol-win32d3d9\clientspaceshipcontrols.obj
b:\peworkspace\build-intermediate\x32\debug\charactercontrol-win32d3d9\gameobjectmanageraddon.obj
b:\peworkspace\build-intermediate\x32\debug\charactercontrol-win32d3d9\clientspaceship.obj
b:\peworkspace\build-intermediate\x32\debug\charactercontrol-win32d3d9\soldiernpcbehaviorsm.obj
b:\peworkspace\build-intermediate\x32\debug\charactercontrol-win32d3d9\clientcharactercontrolgame.obj
b:\peworkspace\build-intermediate\x32\debug\charactercontrol-win32d3d9\soldiernpcanimationsm.obj
b:\peworkspace\build-intermediate\x32\debug\charactercontrol-win32d3d9\events.obj
b:\peworkspace\build-intermediate\x32\debug\charactercontrol-win32d3d9\soldiernpcmovementsm.obj
b:\peworkspace\build-intermediate\x32\debug\charactercontrol-win32d3d9\main.obj
b:\peworkspace\build-intermediate\x32\debug\charactercontrol-win32d3d9\servergameobjectmanageraddon.obj
b:\peworkspace\build-intermediate\x32\debug\charactercontrol-win32d3d9\globalregistry.obj
b:\peworkspace\build-intermediate\x32\debug\charactercontrol-win32d3d9\clientgameobjectmanageraddon.obj
b:\peworkspace\build-intermediate\x32\debug\charactercontrol-win32d3d9\soldiernpc.obj
b:\peworkspace\build-intermediate\x32\debug\charactercontrol-win32d3d9\waypoint.obj
b:\peworkspace\build-intermediate\x32\debug\charactercontrol-win32d3d9\servercharactercontrolgame.obj
b:\peworkspace\build-intermediate\x32\debug\charactercontrol-win32d3d9\clienttank.obj
b:\peworkspace\build-intermediate\x32\debug\charactercontrol-win32d3d9\vc143.pdb
b:\peworkspace\build-intermediate\x32\debug\charactercontrol-win32d3d9\test.obj
b:\peworkspace\build-intermediate\x32\debug\charactercontrol-win32d3d9\testfunc_c_stdcall.obj
b:\peworkspace\build-intermediate\x32\debug\charactercontrol-win32d3d9\vc143.idb
b:\peworkspace\build-intermediate\x32\debug\charactercontrol-win32d3d9\characte.07f16919.tlog\cl.48136.write.1.tlog
b:\peworkspace\build-intermediate\x32\debug\charactercontrol-win32d3d9\characte.07f16919.tlog\cl.command.1.tlog
b:\peworkspace\build-intermediate\x32\debug\charactercontrol-win32d3d9\characte.07f16919.tlog\cl.read.1.tlog
b:\peworkspace\build-intermediate\x32\debug\charactercontrol-win32d3d9\characte.07f16919.tlog\link.command.1.tlog
b:\peworkspace\build-intermediate\x32\debug\charactercontrol-win32d3d9\characte.07f16919.tlog\link.read.1.tlog
b:\peworkspace\build-intermediate\x32\debug\charactercontrol-win32d3d9\characte.07f16919.tlog\link.write.1.tlog
b:\peworkspace\build-intermediate\x32\debug\charactercontrol-win32d3d9\characte.07f16919.tlog\masm.read.1u.tlog
b:\peworkspace\build-intermediate\x32\debug\charactercontrol-win32d3d9\characte.07f16919.tlog\masm.write.1u.tlog
