b:\peworkspace\build-intermediate\x32\debug\lua_dist-win32d3d9\lauxlib.obj
b:\peworkspace\build-intermediate\x32\debug\lua_dist-win32d3d9\lstring.obj
b:\peworkspace\build-intermediate\x32\debug\lua_dist-win32d3d9\lapi.obj
b:\peworkspace\build-intermediate\x32\debug\lua_dist-win32d3d9\lzio.obj
b:\peworkspace\build-intermediate\x32\debug\lua_dist-win32d3d9\lfunc.obj
b:\peworkspace\build-intermediate\x32\debug\lua_dist-win32d3d9\ltablib.obj
b:\peworkspace\build-intermediate\x32\debug\lua_dist-win32d3d9\llex.obj
b:\peworkspace\build-intermediate\x32\debug\lua_dist-win32d3d9\print.obj
b:\peworkspace\build-intermediate\x32\debug\lua_dist-win32d3d9\loadlib.obj
b:\peworkspace\build-intermediate\x32\debug\lua_dist-win32d3d9\ldo.obj
b:\peworkspace\build-intermediate\x32\debug\lua_dist-win32d3d9\lparser.obj
b:\peworkspace\build-intermediate\x32\debug\lua_dist-win32d3d9\ldebug.obj
b:\peworkspace\build-intermediate\x32\debug\lua_dist-win32d3d9\lgc.obj
b:\peworkspace\build-intermediate\x32\debug\lua_dist-win32d3d9\ltm.obj
b:\peworkspace\build-intermediate\x32\debug\lua_dist-win32d3d9\ldblib.obj
b:\peworkspace\build-intermediate\x32\debug\lua_dist-win32d3d9\lstrlib.obj
b:\peworkspace\build-intermediate\x32\debug\lua_dist-win32d3d9\liolib.obj
b:\peworkspace\build-intermediate\x32\debug\lua_dist-win32d3d9\lvm.obj
b:\peworkspace\build-intermediate\x32\debug\lua_dist-win32d3d9\lmathlib.obj
b:\peworkspace\build-intermediate\x32\debug\lua_dist-win32d3d9\lundump.obj
b:\peworkspace\build-intermediate\x32\debug\lua_dist-win32d3d9\lbaselib.obj
b:\peworkspace\build-intermediate\x32\debug\lua_dist-win32d3d9\lobject.obj
b:\peworkspace\build-intermediate\x32\debug\lua_dist-win32d3d9\lcode.obj
b:\peworkspace\build-intermediate\x32\debug\lua_dist-win32d3d9\lstate.obj
b:\peworkspace\build-intermediate\x32\debug\lua_dist-win32d3d9\ldump.obj
b:\peworkspace\build-intermediate\x32\debug\lua_dist-win32d3d9\loslib.obj
b:\peworkspace\build-intermediate\x32\debug\lua_dist-win32d3d9\linit.obj
b:\peworkspace\build-intermediate\x32\debug\lua_dist-win32d3d9\lopcodes.obj
b:\peworkspace\build-intermediate\x32\debug\lua_dist-win32d3d9\lmem.obj
b:\peworkspace\build-intermediate\x32\debug\lua_dist-win32d3d9\ltable.obj
b:\peworkspace\build\lua_dist-win32d3d9.pdb
b:\peworkspace\build\lua_dist-win32d3d9.lib
b:\peworkspace\build-intermediate\x32\debug\lua_dist-win32d3d9\lua_dist.0ea98f94.tlog\cl.53640.write.1.tlog
b:\peworkspace\build-intermediate\x32\debug\lua_dist-win32d3d9\lua_dist.0ea98f94.tlog\cl.command.1.tlog
b:\peworkspace\build-intermediate\x32\debug\lua_dist-win32d3d9\lua_dist.0ea98f94.tlog\cl.items.tlog
b:\peworkspace\build-intermediate\x32\debug\lua_dist-win32d3d9\lua_dist.0ea98f94.tlog\cl.read.1.tlog
b:\peworkspace\build-intermediate\x32\debug\lua_dist-win32d3d9\lua_dist.0ea98f94.tlog\lib-link.read.1.tlog
b:\peworkspace\build-intermediate\x32\debug\lua_dist-win32d3d9\lua_dist.0ea98f94.tlog\lib-link.write.1.tlog
b:\peworkspace\build-intermediate\x32\debug\lua_dist-win32d3d9\lua_dist.0ea98f94.tlog\lib.command.1.tlog
